-------------------------------------------------------------------------------
Test set: Register
-------------------------------------------------------------------------------
Tests run: 7, Failures: 0, Errors: 1, Skipped: 0, Time elapsed: 11.122 s <<< FAILURE! - in Register
Register.Register with name phone_number email password  Time elapsed: 7.309 s  <<< ERROR!
net.serenitybdd.core.exceptions.SerenityManagedException: 
1 expectation failed.
Expected status code <201> but was <400>.


