<?xml version="1.0" encoding="UTF-8"?>
<testsuite xmlns:xsi="http://www.w3.org/2001/XMLSchema-instance" xsi:noNamespaceSchemaLocation="https://maven.apache.org/surefire/maven-failsafe-plugin/xsd/failsafe-test-report-3.0.xsd" version="3.0" name="Category User" time="12.606" tests="3" errors="1" skipped="0" failures="0">
  <properties>
[...]
</properties>
  <testcase name="user a get Category product" classname="Category User" time="7.241">
    <system-out><![CDATA[

&amp#27;[31mFailed scenarios:&amp#27;[0m

file:///C:/Users/Maulana_Sn/Documents/Zoom/My_Cuan-API/src/test/resources/features/Auth/Logout.feature:7 # logout with valid token

file:///C:/Users/Maulana_Sn/Documents/Zoom/My_Cuan-API/src/test/resources/features/Auth/Register.feature:7 # Register with name phone_number email password

file:///C:/Users/Maulana_Sn/Documents/Zoom/My_Cuan-API/src/test/resources/features/Users/Category.feature:11 # user a get Category product by id



60
 Scenarios (
&amp#27;[31m3 failed&amp#27;[0m
, 
&amp#27;[32m57 passed&amp#27;[0m
)

180
 Steps (
&amp#27;[31m3 failed&amp#27;[0m
, 
&amp#27;[36m1 skipped&amp#27;[0m
, 
&amp#27;[32m176 passed&amp#27;[0m
)

0m
13.043s





net.serenitybdd.core.exceptions.SerenityManagedException: 1 expectation failed.
Expected status code <201> but was <400>.


	at java.base/jdk.internal.reflect.NativeConstructorAccessorImpl.newInstance0(Native Method)

	at java.base/jdk.internal.reflect.NativeConstructorAccessorImpl.newInstance(NativeConstructorAccessorImpl.java:64)

	at java.base/jdk.internal.reflect.DelegatingConstructorAccessorImpl.newInstance(DelegatingConstructorAccessorImpl.java:45)

	at java.base/java.lang.reflect.Constructor.newInstanceWithCaller(Constructor.java:500)

	at java.base/java.lang.reflect.Constructor.newInstance(Constructor.java:481)

	at org.codehaus.groovy.reflection.CachedConstructor.invoke(CachedConstructor.java:72)

	at org.codehaus.groovy.reflection.CachedConstructor.doConstructorInvoke(CachedConstructor.java:59)

	at org.codehaus.groovy.runtime.callsite.ConstructorSite$ConstructorSiteNoUnwrap.callConstructor(ConstructorSite.java:84)

	at org.codehaus.groovy.runtime.callsite.CallSiteArray.defaultCallConstructor(CallSiteArray.java:59)

	at org.codehaus.groovy.runtime.callsite.AbstractCallSite.callConstructor(AbstractCallSite.java:263)

	at org.codehaus.groovy.runtime.callsite.AbstractCallSite.callConstructor(AbstractCallSite.java:277)

	at io.restassured.internal.ResponseSpecificationImpl$HamcrestAssertionClosure.validate(ResponseSpecificationImpl.groovy:493)

	at io.restassured.internal.ResponseSpecificationImpl$HamcrestAssertionClosure$validate$3.call(Unknown Source)

	at io.restassured.internal.ResponseSpecificationImpl.validateResponseIfRequired(ResponseSpecificationImpl.groovy:674)

	at java.base/jdk.internal.reflect.NativeMethodAccessorImpl.invoke0(Native Method)

	at java.base/jdk.internal.reflect.NativeMethodAccessorImpl.invoke(NativeMethodAccessorImpl.java:64)

	at java.base/jdk.internal.reflect.DelegatingMethodAccessorImpl.invoke(DelegatingMethodAccessorImpl.java:43)

	at java.base/java.lang.reflect.Method.invoke(Method.java:564)

	at org.codehaus.groovy.runtime.callsite.PlainObjectMetaMethodSite.doInvoke(PlainObjectMetaMethodSite.java:43)

	at org.codehaus.groovy.runtime.callsite.PogoMetaMethodSite$PogoCachedMethodSiteNoUnwrapNoCoerce.invoke(PogoMetaMethodSite.java:193)

	at org.codehaus.groovy.runtime.callsite.PogoMetaMethodSite.callCurrent(PogoMetaMethodSite.java:61)

	at org.codehaus.groovy.runtime.callsite.AbstractCallSite.callCurrent(AbstractCallSite.java:185)

	at org.codehaus.groovy.runtime.callsite.AbstractCallSite.callCurrent(AbstractCallSite.java:183)

	at io.restassured.internal.ResponseSpecificationImpl.statusCode(ResponseSpecificationImpl.groovy:126)

	at io.restassured.specification.ResponseSpecification$statusCode$2.callCurrent(Unknown Source)

	at org.codehaus.groovy.runtime.callsite.AbstractCallSite.callCurrent(AbstractCallSite.java:183)

	at io.restassured.internal.ResponseSpecificationImpl.statusCode(ResponseSpecificationImpl.groovy:134)

	at io.restassured.internal.ValidatableResponseOptionsImpl.statusCode(ValidatableResponseOptionsImpl.java:89)

	at io.restassured.internal.ValidatableResponseImpl.super$2$statusCode(ValidatableResponseImpl.groovy)

	at java.base/jdk.internal.reflect.NativeMethodAccessorImpl.invoke0(Native Method)

	at java.base/jdk.internal.reflect.NativeMethodAccessorImpl.invoke(NativeMethodAccessorImpl.java:64)

	at java.base/jdk.internal.reflect.DelegatingMethodAccessorImpl.invoke(DelegatingMethodAccessorImpl.java:43)

	at java.base/java.lang.reflect.Method.invoke(Method.java:564)

	at org.codehaus.groovy.reflection.CachedMethod.invoke(CachedMethod.java:107)

	at groovy.lang.MetaMethod.doMethodInvoke(MetaMethod.java:323)

	at groovy.lang.MetaClassImpl.invokeMethod(MetaClassImpl.java:1268)

	at org.codehaus.groovy.runtime.ScriptBytecodeAdapter.invokeMethodOnSuperN(ScriptBytecodeAdapter.java:144)

	at io.restassured.internal.ValidatableResponseImpl.statusCode(ValidatableResponseImpl.groovy:142)

	at io.restassured.internal.ValidatableResponseImpl.statusCode(ValidatableResponseImpl.groovy)

	at SerenityRest@1.0-SNAPSHOT/Starter.Project.Auth.Register.statusCode201(Register.java:114)

	at SerenityRest@1.0-SNAPSHOT/Starter.Project.Auth.Register$ByteBuddy$mXF146sn.statusCode201$accessor$6T1GNP7S(Unknown Source)

	at java.base/jdk.internal.reflect.NativeMethodAccessorImpl.invoke0(Native Method)

	at java.base/jdk.internal.reflect.NativeMethodAccessorImpl.invoke(NativeMethodAccessorImpl.java:64)

	at java.base/jdk.internal.reflect.DelegatingMethodAccessorImpl.invoke(DelegatingMethodAccessorImpl.java:43)

	at java.base/java.lang.reflect.Method.invoke(Method.java:564)

	at net.thucydides.core.steps.BaseMethodRunner.invokeMethod(BaseMethodRunner.java:18)

	at net.thucydides.core.steps.NormalMethodRunner.invokeMethodAndNotifyFailures(NormalMethodRunner.java:18)

	at net.thucydides.core.steps.StepInterceptor.runNormalMethod(StepInterceptor.java:407)

	at net.thucydides.core.steps.StepInterceptor.testStepResult(StepInterceptor.java:192)

	at net.thucydides.core.steps.StepInterceptor.intercept(StepInterceptor.java:85)

	at net.thucydides.core.steps.ProxyConfiguration$InterceptorDispatcher.intercept(ProxyConfiguration.java:51)

	at SerenityRest@1.0-SNAPSHOT/Starter.Project.Auth.Register$ByteBuddy$mXF146sn.statusCode201(Unknown Source)

	at SerenityRest@1.0-SNAPSHOT/Starter.StepDefinitions.Auth.RegisterSteps.iWillGetStatus201CodeCreate(RegisterSteps.java:26)

	at ?.I will get status code 201 create(file:///C:/Users/Maulana_Sn/Documents/Zoom/My_Cuan-API/src/test/resources/features/Auth/Register.feature:10)



net.serenitybdd.core.exceptions.SerenityManagedException: 1 expectation failed.
Expected status code <200> but was <401>.


	at java.base/jdk.internal.reflect.NativeConstructorAccessorImpl.newInstance0(Native Method)

	at java.base/jdk.internal.reflect.NativeConstructorAccessorImpl.newInstance(NativeConstructorAccessorImpl.java:64)

	at java.base/jdk.internal.reflect.DelegatingConstructorAccessorImpl.newInstance(DelegatingConstructorAccessorImpl.java:45)

	at java.base/java.lang.reflect.Constructor.newInstanceWithCaller(Constructor.java:500)

	at java.base/java.lang.reflect.Constructor.newInstance(Constructor.java:481)

	at org.codehaus.groovy.reflection.CachedConstructor.invoke(CachedConstructor.java:72)

	at org.codehaus.groovy.reflection.CachedConstructor.doConstructorInvoke(CachedConstructor.java:59)

	at org.codehaus.groovy.runtime.callsite.ConstructorSite$ConstructorSiteNoUnwrap.callConstructor(ConstructorSite.java:84)

	at org.codehaus.groovy.runtime.callsite.AbstractCallSite.callConstructor(AbstractCallSite.java:277)

	at io.restassured.internal.ResponseSpecificationImpl$HamcrestAssertionClosure.validate(ResponseSpecificationImpl.groovy:493)

	at io.restassured.internal.ResponseSpecificationImpl$HamcrestAssertionClosure$validate$3.call(Unknown Source)

	at org.codehaus.groovy.runtime.callsite.CallSiteArray.defaultCall(CallSiteArray.java:47)

	at org.codehaus.groovy.runtime.callsite.AbstractCallSite.call(AbstractCallSite.java:125)

	at org.codehaus.groovy.runtime.callsite.AbstractCallSite.call(AbstractCallSite.java:139)

	at io.restassured.internal.ResponseSpecificationImpl.validateResponseIfRequired(ResponseSpecificationImpl.groovy:674)

	at java.base/jdk.internal.reflect.NativeMethodAccessorImpl.invoke0(Native Method)

	at java.base/jdk.internal.reflect.NativeMethodAccessorImpl.invoke(NativeMethodAccessorImpl.java:64)

	at java.base/jdk.internal.reflect.DelegatingMethodAccessorImpl.invoke(DelegatingMethodAccessorImpl.java:43)

	at java.base/java.lang.reflect.Method.invoke(Method.java:564)

	at org.codehaus.groovy.runtime.callsite.PlainObjectMetaMethodSite.doInvoke(PlainObjectMetaMethodSite.java:43)

	at org.codehaus.groovy.runtime.callsite.PogoMetaMethodSite$PogoCachedMethodSiteNoUnwrapNoCoerce.invoke(PogoMetaMethodSite.java:193)

	at org.codehaus.groovy.runtime.callsite.PogoMetaMethodSite.callCurrent(PogoMetaMethodSite.java:61)

	at org.codehaus.groovy.runtime.callsite.CallSiteArray.defaultCallCurrent(CallSiteArray.java:51)

	at org.codehaus.groovy.runtime.callsite.AbstractCallSite.callCurrent(AbstractCallSite.java:171)

	at org.codehaus.groovy.runtime.callsite.AbstractCallSite.callCurrent(AbstractCallSite.java:185)

	at io.restassured.internal.ResponseSpecificationImpl.statusCode(ResponseSpecificationImpl.groovy:126)

	at io.restassured.specification.ResponseSpecification$statusCode$2.callCurrent(Unknown Source)

	at org.codehaus.groovy.runtime.callsite.CallSiteArray.defaultCallCurrent(CallSiteArray.java:51)

	at org.codehaus.groovy.runtime.callsite.AbstractCallSite.callCurrent(AbstractCallSite.java:171)

	at org.codehaus.groovy.runtime.callsite.AbstractCallSite.callCurrent(AbstractCallSite.java:185)

	at io.restassured.internal.ResponseSpecificationImpl.statusCode(ResponseSpecificationImpl.groovy:134)

	at io.restassured.internal.ValidatableResponseOptionsImpl.statusCode(ValidatableResponseOptionsImpl.java:89)

	at io.restassured.internal.ValidatableResponseImpl.super$2$statusCode(ValidatableResponseImpl.groovy)

	at java.base/jdk.internal.reflect.NativeMethodAccessorImpl.invoke0(Native Method)

	at java.base/jdk.internal.reflect.NativeMethodAccessorImpl.invoke(NativeMethodAccessorImpl.java:64)

	at java.base/jdk.internal.reflect.DelegatingMethodAccessorImpl.invoke(DelegatingMethodAccessorImpl.java:43)

	at java.base/java.lang.reflect.Method.invoke(Method.java:564)

	at org.codehaus.groovy.reflection.CachedMethod.invoke(CachedMethod.java:107)

	at groovy.lang.MetaMethod.doMethodInvoke(MetaMethod.java:323)

	at groovy.lang.MetaClassImpl.invokeMethod(MetaClassImpl.java:1268)

	at org.codehaus.groovy.runtime.ScriptBytecodeAdapter.invokeMethodOnSuperN(ScriptBytecodeAdapter.java:144)

	at io.restassured.internal.ValidatableResponseImpl.statusCode(ValidatableResponseImpl.groovy:142)

	at io.restassured.internal.ValidatableResponseImpl.statusCode(ValidatableResponseImpl.groovy)

	at SerenityRest@1.0-SNAPSHOT/Starter.Project.Auth.Logout.statusSucces(Logout.java:37)

	at SerenityRest@1.0-SNAPSHOT/Starter.Project.Auth.Logout$ByteBuddy$Pa3tiOzb.statusSucces$accessor$ee5SigSp(Unknown Source)

	at java.base/jdk.internal.reflect.NativeMethodAccessorImpl.invoke0(Native Method)

	at java.base/jdk.internal.reflect.NativeMethodAccessorImpl.invoke(NativeMethodAccessorImpl.java:64)

	at java.base/jdk.internal.reflect.DelegatingMethodAccessorImpl.invoke(DelegatingMethodAccessorImpl.java:43)

	at java.base/java.lang.reflect.Method.invoke(Method.java:564)

	at net.thucydides.core.steps.BaseMethodRunner.invokeMethod(BaseMethodRunner.java:18)

	at net.thucydides.core.steps.NormalMethodRunner.invokeMethodAndNotifyFailures(NormalMethodRunner.java:18)

	at net.thucydides.core.steps.StepInterceptor.runNormalMethod(StepInterceptor.java:407)

	at net.thucydides.core.steps.StepInterceptor.testStepResult(StepInterceptor.java:192)

	at net.thucydides.core.steps.StepInterceptor.intercept(StepInterceptor.java:85)

	at net.thucydides.core.steps.ProxyConfiguration$InterceptorDispatcher.intercept(ProxyConfiguration.java:51)

	at SerenityRest@1.0-SNAPSHOT/Starter.Project.Auth.Logout$ByteBuddy$Pa3tiOzb.statusSucces(Unknown Source)

	at SerenityRest@1.0-SNAPSHOT/Starter.StepDefinitions.Auth.LogoutSteps.iWillGetStatusSuccesLogout(LogoutSteps.java:25)

	at ?.I will get status succes logout(file:///C:/Users/Maulana_Sn/Documents/Zoom/My_Cuan-API/src/test/resources/features/Auth/Logout.feature:10)



java.lang.RuntimeException: Some exception during recording fields

	at net.serenitybdd.rest.filters.FieldsRecordingFilter.filter(FieldsRecordingFilter.java:52)

	at io.restassured.filter.Filter$filter.call(Unknown Source)

	at io.restassured.internal.filter.FilterContextImpl.next(FilterContextImpl.groovy:72)

	at io.restassured.filter.log.RequestLoggingFilter.filter(RequestLoggingFilter.java:140)

	at net.serenitybdd.rest.filters.FieldsRecordingFilter.filter(FieldsRecordingFilter.java:40)

	at io.restassured.filter.Filter$filter.call(Unknown Source)

	at io.restassured.internal.filter.FilterContextImpl.next(FilterContextImpl.groovy:72)

	at io.restassured.filter.log.RequestLoggingFilter.filter(RequestLoggingFilter.java:140)

	at net.serenitybdd.rest.filters.FieldsRecordingFilter.filter(FieldsRecordingFilter.java:40)

	at io.restassured.filter.Filter$filter.call(Unknown Source)

	at io.restassured.internal.filter.FilterContextImpl.next(FilterContextImpl.groovy:72)

	at io.restassured.filter.log.RequestLoggingFilter.filter(RequestLoggingFilter.java:140)

	at net.serenitybdd.rest.filters.FieldsRecordingFilter.filter(FieldsRecordingFilter.java:40)

	at io.restassured.filter.Filter$filter.call(Unknown Source)

	at io.restassured.internal.filter.FilterContextImpl.next(FilterContextImpl.groovy:72)

	at io.restassured.filter.log.RequestLoggingFilter.filter(RequestLoggingFilter.java:140)

	at net.serenitybdd.rest.filters.FieldsRecordingFilter.filter(FieldsRecordingFilter.java:40)

	at io.restassured.filter.Filter$filter.call(Unknown Source)

	at io.restassured.internal.filter.FilterContextImpl.next(FilterContextImpl.groovy:72)

	at io.restassured.filter.log.RequestLoggingFilter.filter(RequestLoggingFilter.java:140)

	at net.serenitybdd.rest.filters.FieldsRecordingFilter.filter(FieldsRecordingFilter.java:40)

	at io.restassured.filter.Filter$filter.call(Unknown Source)

	at org.codehaus.groovy.runtime.callsite.CallSiteArray.defaultCall(CallSiteArray.java:47)

	at io.restassured.filter.Filter$filter$0.call(Unknown Source)

	at io.restassured.internal.filter.FilterContextImpl.next(FilterContextImpl.groovy:72)

	at io.restassured.filter.FilterContext$next.call(Unknown Source)

	at io.restassured.internal.RequestSpecificationImpl.applyPathParamsAndSendRequest(RequestSpecificationImpl.groovy:1672)

	at jdk.internal.reflect.GeneratedMethodAccessor114.invoke(Unknown Source)

	at java.base/jdk.internal.reflect.DelegatingMethodAccessorImpl.invoke(DelegatingMethodAccessorImpl.java:43)

	at java.base/java.lang.reflect.Method.invoke(Method.java:564)

	at org.codehaus.groovy.reflection.CachedMethod.invoke(CachedMethod.java:107)

	at groovy.lang.MetaMethod.doMethodInvoke(MetaMethod.java:323)

	at groovy.lang.MetaClassImpl.invokeMethod(MetaClassImpl.java:1268)

	at groovy.lang.MetaClassImpl.invokeMethod(MetaClassImpl.java:1035)

	at groovy.lang.MetaClassImpl.invokeMethod(MetaClassImpl.java:819)

	at groovy.lang.GroovyObject.invokeMethod(GroovyObject.java:39)

	at org.codehaus.groovy.runtime.callsite.PogoInterceptableSite.call(PogoInterceptableSite.java:45)

	at org.codehaus.groovy.runtime.callsite.PogoInterceptableSite.callCurrent(PogoInterceptableSite.java:55)

	at org.codehaus.groovy.runtime.callsite.AbstractCallSite.callCurrent(AbstractCallSite.java:203)

	at io.restassured.internal.RequestSpecificationImpl.applyPathParamsAndSendRequest(RequestSpecificationImpl.groovy:1678)

	at jdk.internal.reflect.GeneratedMethodAccessor113.invoke(Unknown Source)

	at java.base/jdk.internal.reflect.DelegatingMethodAccessorImpl.invoke(DelegatingMethodAccessorImpl.java:43)

	at java.base/java.lang.reflect.Method.invoke(Method.java:564)

	at org.codehaus.groovy.reflection.CachedMethod.invoke(CachedMethod.java:107)

	at groovy.lang.MetaMethod.doMethodInvoke(MetaMethod.java:323)

	at groovy.lang.MetaClassImpl.invokeMethod(MetaClassImpl.java:1268)

	at groovy.lang.MetaClassImpl.invokeMethod(MetaClassImpl.java:1035)

	at groovy.lang.MetaClassImpl.invokeMethod(MetaClassImpl.java:819)

	at groovy.lang.GroovyObject.invokeMethod(GroovyObject.java:39)

	at org.codehaus.groovy.runtime.callsite.PogoInterceptableSite.call(PogoInterceptableSite.java:45)

	at org.codehaus.groovy.runtime.callsite.PogoInterceptableSite.callCurrent(PogoInterceptableSite.java:55)

	at org.codehaus.groovy.runtime.callsite.AbstractCallSite.callCurrent(AbstractCallSite.java:203)

	at io.restassured.internal.RequestSpecificationImpl.get(RequestSpecificationImpl.groovy:173)

	at net.serenitybdd.rest.decorators.request.RequestSpecificationDecorated.executeCall(RequestSpecificationDecorated.java:311)

	at net.serenitybdd.rest.decorators.request.RequestSpecificationDecorated.execute(RequestSpecificationDecorated.java:268)

	at net.serenitybdd.rest.decorators.request.RequestSpecificationDecorated.get(RequestSpecificationDecorated.java:67)

	at net.serenitybdd.rest.decorators.request.RequestSpecificationDecorated.get(RequestSpecificationDecorated.java:38)

	at SerenityRest@1.0-SNAPSHOT/Starter.Project.Users.CategoryUser.categoryproductbyid(CategoryUser.java:25)

	at SerenityRest@1.0-SNAPSHOT/Starter.Project.Users.CategoryUser$ByteBuddy$LV2rodtW.categoryproductbyid$accessor$5aJdvYTp(Unknown Source)

	at java.base/jdk.internal.reflect.NativeMethodAccessorImpl.invoke0(Native Method)

	at java.base/jdk.internal.reflect.NativeMethodAccessorImpl.invoke(NativeMethodAccessorImpl.java:64)

	at java.base/jdk.internal.reflect.DelegatingMethodAccessorImpl.invoke(DelegatingMethodAccessorImpl.java:43)

	at java.base/java.lang.reflect.Method.invoke(Method.java:564)

	at net.thucydides.core.steps.BaseMethodRunner.invokeMethod(BaseMethodRunner.java:18)

	at net.thucydides.core.steps.NormalMethodRunner.invokeMethodAndNotifyFailures(NormalMethodRunner.java:18)

	at net.thucydides.core.steps.StepInterceptor.runNormalMethod(StepInterceptor.java:407)

	at net.thucydides.core.steps.StepInterceptor.testStepResult(StepInterceptor.java:192)

	at net.thucydides.core.steps.StepInterceptor.intercept(StepInterceptor.java:85)

	at net.thucydides.core.steps.ProxyConfiguration$InterceptorDispatcher.intercept(ProxyConfiguration.java:51)

	at SerenityRest@1.0-SNAPSHOT/Starter.Project.Users.CategoryUser$ByteBuddy$LV2rodtW.categoryproductbyid(Unknown Source)

	at SerenityRest@1.0-SNAPSHOT/Starter.StepDefinitions.Users.CategoryUserSteps.iGetACategoryProductById(CategoryUserSteps.java:31)

	at ?.I get a category product by id(file:///C:/Users/Maulana_Sn/Documents/Zoom/My_Cuan-API/src/test/resources/features/Users/Category.feature:13)

Caused by: java.net.ConnectException: Connection refused: connect

	at java.base/sun.nio.ch.Net.connect0(Native Method)

	at java.base/sun.nio.ch.Net.connect(Net.java:574)

	at java.base/sun.nio.ch.Net.connect(Net.java:563)

	at java.base/sun.nio.ch.NioSocketImpl.connect(NioSocketImpl.java:588)

	at java.base/java.net.SocksSocketImpl.connect(SocksSocketImpl.java:333)

	at java.base/java.net.Socket.connect(Socket.java:648)

	at org.apache.http.conn.scheme.PlainSocketFactory.connectSocket(PlainSocketFactory.java:121)

	at org.apache.http.impl.conn.DefaultClientConnectionOperator.openConnection(DefaultClientConnectionOperator.java:180)

	at org.apache.http.impl.conn.ManagedClientConnectionImpl.open(ManagedClientConnectionImpl.java:326)

	at org.apache.http.impl.client.DefaultRequestDirector.tryConnect(DefaultRequestDirector.java:605)

	at org.apache.http.impl.client.DefaultRequestDirector.execute(DefaultRequestDirector.java:440)

	at org.apache.http.impl.client.AbstractHttpClient.doExecute(AbstractHttpClient.java:835)

	at org.apache.http.impl.client.CloseableHttpClient.execute(CloseableHttpClient.java:83)

	at org.apache.http.impl.client.CloseableHttpClient.execute(CloseableHttpClient.java:56)

	at org.apache.http.client.HttpClient$execute$1.call(Unknown Source)

	at io.restassured.internal.RequestSpecificationImpl$RestAssuredHttpBuilder.doRequest(RequestSpecificationImpl.groovy:2072)

	at io.restassured.internal.http.HTTPBuilder.doRequest(HTTPBuilder.java:495)

	at io.restassured.internal.http.HTTPBuilder.request(HTTPBuilder.java:452)

	at io.restassured.internal.http.HTTPBuilder$request$7.call(Unknown Source)

	at io.restassured.internal.RequestSpecificationImpl.sendHttpRequest(RequestSpecificationImpl.groovy:1453)

	at java.base/jdk.internal.reflect.NativeMethodAccessorImpl.invoke0(Native Method)

	at java.base/jdk.internal.reflect.NativeMethodAccessorImpl.invoke(NativeMethodAccessorImpl.java:64)

	at java.base/jdk.internal.reflect.DelegatingMethodAccessorImpl.invoke(DelegatingMethodAccessorImpl.java:43)

	at java.base/java.lang.reflect.Method.invoke(Method.java:564)

	at org.codehaus.groovy.reflection.CachedMethod.invoke(CachedMethod.java:107)

	at groovy.lang.MetaMethod.doMethodInvoke(MetaMethod.java:323)

	at groovy.lang.MetaClassImpl.invokeMethod(MetaClassImpl.java:1268)

	at groovy.lang.MetaClassImpl.invokeMethod(MetaClassImpl.java:1035)

	at groovy.lang.MetaClassImpl.invokeMethod(MetaClassImpl.java:819)

	at groovy.lang.GroovyObject.invokeMethod(GroovyObject.java:39)

	at org.codehaus.groovy.runtime.callsite.PogoInterceptableSite.call(PogoInterceptableSite.java:45)

	at org.codehaus.groovy.runtime.callsite.PogoInterceptableSite.callCurrent(PogoInterceptableSite.java:55)

	at io.restassured.internal.RequestSpecificationImpl.sendRequest(RequestSpecificationImpl.groovy:1202)

	at jdk.internal.reflect.GeneratedMethodAccessor121.invoke(Unknown Source)

	at java.base/jdk.internal.reflect.DelegatingMethodAccessorImpl.invoke(DelegatingMethodAccessorImpl.java:43)

	at java.base/java.lang.reflect.Method.invoke(Method.java:564)

	at org.codehaus.groovy.reflection.CachedMethod.invoke(CachedMethod.java:107)

	at groovy.lang.MetaMethod.doMethodInvoke(MetaMethod.java:323)

	at groovy.lang.MetaClassImpl.invokeMethod(MetaClassImpl.java:1268)

	at groovy.lang.MetaClassImpl.invokeMethod(MetaClassImpl.java:1035)

	at groovy.lang.MetaClassImpl.invokeMethod(MetaClassImpl.java:819)

	at groovy.lang.GroovyObject.invokeMethod(GroovyObject.java:39)

	at org.codehaus.groovy.runtime.callsite.PogoInterceptableSite.call(PogoInterceptableSite.java:45)

	at org.codehaus.groovy.runtime.callsite.AbstractCallSite.call(AbstractCallSite.java:166)

	at io.restassured.internal.filter.SendRequestFilter.filter(SendRequestFilter.groovy:30)

	at io.restassured.filter.Filter$filter$0.call(Unknown Source)

	at org.codehaus.groovy.runtime.callsite.CallSiteArray.defaultCall(CallSiteArray.java:47)

	at io.restassured.filter.Filter$filter.call(Unknown Source)

	at io.restassured.internal.filter.FilterContextImpl.next(FilterContextImpl.groovy:72)

	at io.restassured.filter.time.TimingFilter.filter(TimingFilter.java:56)

	at io.restassured.filter.Filter$filter.call(Unknown Source)

	at org.codehaus.groovy.runtime.callsite.CallSiteArray.defaultCall(CallSiteArray.java:47)

	at io.restassured.filter.Filter$filter.call(Unknown Source)

	at io.restassured.internal.filter.FilterContextImpl.next(FilterContextImpl.groovy:72)

	at io.restassured.filter.log.RequestLoggingFilter.filter(RequestLoggingFilter.java:140)

	at net.serenitybdd.rest.filters.FieldsRecordingFilter.filter(FieldsRecordingFilter.java:40)

	at io.restassured.filter.Filter$filter.call(Unknown Source)

	at io.restassured.internal.filter.FilterContextImpl.next(FilterContextImpl.groovy:72)

	at io.restassured.filter.log.RequestLoggingFilter.filter(RequestLoggingFilter.java:140)

	at net.serenitybdd.rest.filters.FieldsRecordingFilter.filter(FieldsRecordingFilter.java:40)

	at io.restassured.filter.Filter$filter.call(Unknown Source)

	at io.restassured.internal.filter.FilterContextImpl.next(FilterContextImpl.groovy:72)

	at io.restassured.filter.log.RequestLoggingFilter.filter(RequestLoggingFilter.java:140)

	at net.serenitybdd.rest.filters.FieldsRecordingFilter.filter(FieldsRecordingFilter.java:40)

	at io.restassured.filter.Filter$filter.call(Unknown Source)

	at io.restassured.internal.filter.FilterContextImpl.next(FilterContextImpl.groovy:72)

	at io.restassured.filter.log.RequestLoggingFilter.filter(RequestLoggingFilter.java:140)

	at net.serenitybdd.rest.filters.FieldsRecordingFilter.filter(FieldsRecordingFilter.java:40)

	at io.restassured.filter.Filter$filter.call(Unknown Source)

	at io.restassured.internal.filter.FilterContextImpl.next(FilterContextImpl.groovy:72)

	at io.restassured.filter.log.RequestLoggingFilter.filter(RequestLoggingFilter.java:140)

	at net.serenitybdd.rest.filters.FieldsRecordingFilter.filter(FieldsRecordingFilter.java:40)

	at io.restassured.filter.Filter$filter.call(Unknown Source)

	at io.restassured.internal.filter.FilterContextImpl.next(FilterContextImpl.groovy:72)

	at io.restassured.filter.log.RequestLoggingFilter.filter(RequestLoggingFilter.java:140)

	at net.serenitybdd.rest.filters.FieldsRecordingFilter.filter(FieldsRecordingFilter.java:40)

	at io.restassured.filter.Filter$filter.call(Unknown Source)

	at org.codehaus.groovy.runtime.callsite.CallSiteArray.defaultCall(CallSiteArray.java:47)

	at io.restassured.filter.Filter$filter$0.call(Unknown Source)

	at io.restassured.internal.filter.FilterContextImpl.next(FilterContextImpl.groovy:72)

	at io.restassured.filter.FilterContext$next.call(Unknown Source)

	at io.restassured.internal.RequestSpecificationImpl.applyPathParamsAndSendRequest(RequestSpecificationImpl.groovy:1672)

	at jdk.internal.reflect.GeneratedMethodAccessor114.invoke(Unknown Source)

	at java.base/jdk.internal.reflect.DelegatingMethodAccessorImpl.invoke(DelegatingMethodAccessorImpl.java:43)

	at java.base/java.lang.reflect.Method.invoke(Method.java:564)

	at org.codehaus.groovy.reflection.CachedMethod.invoke(CachedMethod.java:107)

	at groovy.lang.MetaMethod.doMethodInvoke(MetaMethod.java:323)

	at groovy.lang.MetaClassImpl.invokeMethod(MetaClassImpl.java:1268)

	at groovy.lang.MetaClassImpl.invokeMethod(MetaClassImpl.java:1035)

	at groovy.lang.MetaClassImpl.invokeMethod(MetaClassImpl.java:819)

	at groovy.lang.GroovyObject.invokeMethod(GroovyObject.java:39)

	at org.codehaus.groovy.runtime.callsite.PogoInterceptableSite.call(PogoInterceptableSite.java:45)

	at org.codehaus.groovy.runtime.callsite.PogoInterceptableSite.callCurrent(PogoInterceptableSite.java:55)

	at org.codehaus.groovy.runtime.callsite.AbstractCallSite.callCurrent(AbstractCallSite.java:203)

	at io.restassured.internal.RequestSpecificationImpl.applyPathParamsAndSendRequest(RequestSpecificationImpl.groovy:1678)

	at jdk.internal.reflect.GeneratedMethodAccessor113.invoke(Unknown Source)

	at java.base/jdk.internal.reflect.DelegatingMethodAccessorImpl.invoke(DelegatingMethodAccessorImpl.java:43)

	at java.base/java.lang.reflect.Method.invoke(Method.java:564)

	at org.codehaus.groovy.reflection.CachedMethod.invoke(CachedMethod.java:107)

	at groovy.lang.MetaMethod.doMethodInvoke(MetaMethod.java:323)

	at groovy.lang.MetaClassImpl.invokeMethod(MetaClassImpl.java:1268)

	at groovy.lang.MetaClassImpl.invokeMethod(MetaClassImpl.java:1035)

	at groovy.lang.MetaClassImpl.invokeMethod(MetaClassImpl.java:819)

	at groovy.lang.GroovyObject.invokeMethod(GroovyObject.java:39)

	at org.codehaus.groovy.runtime.callsite.PogoInterceptableSite.call(PogoInterceptableSite.java:45)

	at org.codehaus.groovy.runtime.callsite.PogoInterceptableSite.callCurrent(PogoInterceptableSite.java:55)

	at org.codehaus.groovy.runtime.callsite.AbstractCallSite.callCurrent(AbstractCallSite.java:203)

	at io.restassured.internal.RequestSpecificationImpl.get(RequestSpecificationImpl.groovy:173)

	at net.serenitybdd.rest.decorators.request.RequestSpecificationDecorated.executeCall(RequestSpecificationDecorated.java:311)

	at net.serenitybdd.rest.decorators.request.RequestSpecificationDecorated.execute(RequestSpecificationDecorated.java:268)

	at net.serenitybdd.rest.decorators.request.RequestSpecificationDecorated.get(RequestSpecificationDecorated.java:67)

	at net.serenitybdd.rest.decorators.request.RequestSpecificationDecorated.get(RequestSpecificationDecorated.java:38)

	at SerenityRest@1.0-SNAPSHOT/Starter.Project.Users.CategoryUser.categoryproductbyid(CategoryUser.java:25)

	at SerenityRest@1.0-SNAPSHOT/Starter.Project.Users.CategoryUser$ByteBuddy$LV2rodtW.categoryproductbyid$accessor$5aJdvYTp(Unknown Source)

	at java.base/jdk.internal.reflect.NativeMethodAccessorImpl.invoke0(Native Method)

	at java.base/jdk.internal.reflect.NativeMethodAccessorImpl.invoke(NativeMethodAccessorImpl.java:64)

	at java.base/jdk.internal.reflect.DelegatingMethodAccessorImpl.invoke(DelegatingMethodAccessorImpl.java:43)

	at java.base/java.lang.reflect.Method.invoke(Method.java:564)

	at net.thucydides.core.steps.BaseMethodRunner.invokeMethod(BaseMethodRunner.java:18)

	at net.thucydides.core.steps.NormalMethodRunner.invokeMethodAndNotifyFailures(NormalMethodRunner.java:18)

	at net.thucydides.core.steps.StepInterceptor.runNormalMethod(StepInterceptor.java:407)

	at net.thucydides.core.steps.StepInterceptor.testStepResult(StepInterceptor.java:192)

	at net.thucydides.core.steps.StepInterceptor.intercept(StepInterceptor.java:85)

	at net.thucydides.core.steps.ProxyConfiguration$InterceptorDispatcher.intercept(ProxyConfiguration.java:51)

	at SerenityRest@1.0-SNAPSHOT/Starter.Project.Users.CategoryUser$ByteBuddy$LV2rodtW.categoryproductbyid(Unknown Source)

	at SerenityRest@1.0-SNAPSHOT/Starter.StepDefinitions.Users.CategoryUserSteps.iGetACategoryProductById(CategoryUserSteps.java:31)

	at java.base/jdk.internal.reflect.NativeMethodAccessorImpl.invoke0(Native Method)

	at java.base/jdk.internal.reflect.NativeMethodAccessorImpl.invoke(NativeMethodAccessorImpl.java:64)

	at java.base/jdk.internal.reflect.DelegatingMethodAccessorImpl.invoke(DelegatingMethodAccessorImpl.java:43)

	at java.base/java.lang.reflect.Method.invoke(Method.java:564)

	at io.cucumber.java.Invoker.doInvoke(Invoker.java:66)

	at io.cucumber.java.Invoker.invoke(Invoker.java:24)

	at io.cucumber.java.AbstractGlueDefinition.invokeMethod(AbstractGlueDefinition.java:47)

	at io.cucumber.java.JavaStepDefinition.execute(JavaStepDefinition.java:29)

	at io.cucumber.core.runner.CoreStepDefinition.execute(CoreStepDefinition.java:66)

	at io.cucumber.core.runner.PickleStepDefinitionMatch.runStep(PickleStepDefinitionMatch.java:63)

	at io.cucumber.core.runner.ExecutionMode$1.execute(ExecutionMode.java:10)

	at io.cucumber.core.runner.TestStep.executeStep(TestStep.java:92)

	at io.cucumber.core.runner.TestStep.run(TestStep.java:64)

	at io.cucumber.core.runner.PickleStepTestStep.run(PickleStepTestStep.java:51)

	at io.cucumber.core.runner.TestCase.run(TestCase.java:104)

	at io.cucumber.core.runner.Runner.runPickle(Runner.java:73)

	at io.cucumber.junit.PickleRunners$NoStepDescriptions.run(PickleRunners.java:151)

	at io.cucumber.junit.FeatureRunner.runChild(FeatureRunner.java:135)

	at io.cucumber.junit.FeatureRunner.runChild(FeatureRunner.java:27)

	at org.junit.runners.ParentRunner$4.run(ParentRunner.java:331)

	at org.junit.runners.ParentRunner$1.schedule(ParentRunner.java:79)

	at org.junit.runners.ParentRunner.runChildren(ParentRunner.java:329)

	at org.junit.runners.ParentRunner.access$100(ParentRunner.java:66)

	at org.junit.runners.ParentRunner$2.evaluate(ParentRunner.java:293)

	at org.junit.runners.ParentRunner$3.evaluate(ParentRunner.java:306)

	at org.junit.runners.ParentRunner.run(ParentRunner.java:413)

	at io.cucumber.junit.CucumberSerenityRunner.runChild(CucumberSerenityRunner.java:258)

	at io.cucumber.junit.CucumberSerenityRunner.runChild(CucumberSerenityRunner.java:57)

	at org.junit.runners.ParentRunner$4.run(ParentRunner.java:331)

	at org.apache.maven.surefire.junitcore.pc.Scheduler$1.run(Scheduler.java:405)

	at java.base/java.util.concurrent.Executors$RunnableAdapter.call(Executors.java:515)

	at java.base/java.util.concurrent.FutureTask.run(FutureTask.java:264)

	at java.base/java.util.concurrent.ThreadPoolExecutor.runWorker(ThreadPoolExecutor.java:1130)

	at java.base/java.util.concurrent.ThreadPoolExecutor$Worker.run(ThreadPoolExecutor.java:630)

	at java.base/java.lang.Thread.run(Thread.java:832)






Scenario: user a get Category product                  &amp#27;[90m# src/test/resources/features/Users/Category.feature:6&amp#27;[0m
  &amp#27;[32mGiven &amp#27;[0m&amp#27;[32mI set url category product&amp#27;[0m                     &amp#27;[90m# Starter.StepDefinitions.Users.CategoryUserSteps.iSetUrlCategoryProduct()&amp#27;[0m
  &amp#27;[32mWhen &amp#27;[0m&amp#27;[32mI get a category product&amp#27;[0m                        &amp#27;[90m# Starter.StepDefinitions.Users.CategoryUserSteps.iGetACategoryProduct()&amp#27;[0m
  &amp#27;[32mThen &amp#27;[0m&amp#27;[32mI will get status succes get a category product&amp#27;[0m &amp#27;[90m# Starter.StepDefinitions.Users.CategoryUserSteps.iWillGetStatusSuccesGetACategoryProduct()&amp#27;[0m
]]></system-out>
  </testcase>
  <testcase name="user a get Category product by id" classname="Category User" time="5.153">
    <error message="Some exception during recording fields" type="java.lang.RuntimeException"><![CDATA[java.lang.RuntimeException: Some exception during recording fields
Caused by: java.net.ConnectException: Connection refused: connect
]]></error>
    <system-out><![CDATA[
Scenario: user a get Category product by id                  &amp#27;[90m# src/test/resources/features/Users/Category.feature:11&amp#27;[0m
  &amp#27;[32mGiven &amp#27;[0m&amp#27;[32mI set url category product&amp#27;[0m                           &amp#27;[90m# Starter.StepDefinitions.Users.CategoryUserSteps.iSetUrlCategoryProduct()&amp#27;[0m
  &amp#27;[31mWhen &amp#27;[0m&amp#27;[31mI get a category product by id&amp#27;[0m                        &amp#27;[90m# Starter.StepDefinitions.Users.CategoryUserSteps.iGetACategoryProductById()&amp#27;[0m
      &amp#27;[31mjava.lang.RuntimeException: Some exception during recording fields
	at net.serenitybdd.rest.filters.FieldsRecordingFilter.filter(FieldsRecordingFilter.java:52)
	at io.restassured.filter.Filter$filter.call(Unknown Source)
	at io.restassured.internal.filter.FilterContextImpl.next(FilterContextImpl.groovy:72)
	at io.restassured.filter.log.RequestLoggingFilter.filter(RequestLoggingFilter.java:140)
	at net.serenitybdd.rest.filters.FieldsRecordingFilter.filter(FieldsRecordingFilter.java:40)
	at io.restassured.filter.Filter$filter.call(Unknown Source)
	at io.restassured.internal.filter.FilterContextImpl.next(FilterContextImpl.groovy:72)
	at io.restassured.filter.log.RequestLoggingFilter.filter(RequestLoggingFilter.java:140)
	at net.serenitybdd.rest.filters.FieldsRecordingFilter.filter(FieldsRecordingFilter.java:40)
	at io.restassured.filter.Filter$filter.call(Unknown Source)
	at io.restassured.internal.filter.FilterContextImpl.next(FilterContextImpl.groovy:72)
	at io.restassured.filter.log.RequestLoggingFilter.filter(RequestLoggingFilter.java:140)
	at net.serenitybdd.rest.filters.FieldsRecordingFilter.filter(FieldsRecordingFilter.java:40)
	at io.restassured.filter.Filter$filter.call(Unknown Source)
	at io.restassured.internal.filter.FilterContextImpl.next(FilterContextImpl.groovy:72)
	at io.restassured.filter.log.RequestLoggingFilter.filter(RequestLoggingFilter.java:140)
	at net.serenitybdd.rest.filters.FieldsRecordingFilter.filter(FieldsRecordingFilter.java:40)
	at io.restassured.filter.Filter$filter.call(Unknown Source)
	at io.restassured.internal.filter.FilterContextImpl.next(FilterContextImpl.groovy:72)
	at io.restassured.filter.log.RequestLoggingFilter.filter(RequestLoggingFilter.java:140)
	at net.serenitybdd.rest.filters.FieldsRecordingFilter.filter(FieldsRecordingFilter.java:40)
	at io.restassured.filter.Filter$filter.call(Unknown Source)
	at org.codehaus.groovy.runtime.callsite.CallSiteArray.defaultCall(CallSiteArray.java:47)
	at io.restassured.filter.Filter$filter$0.call(Unknown Source)
	at io.restassured.internal.filter.FilterContextImpl.next(FilterContextImpl.groovy:72)
	at io.restassured.filter.FilterContext$next.call(Unknown Source)
	at io.restassured.internal.RequestSpecificationImpl.applyPathParamsAndSendRequest(RequestSpecificationImpl.groovy:1672)
	at jdk.internal.reflect.GeneratedMethodAccessor114.invoke(Unknown Source)
	at java.base/jdk.internal.reflect.DelegatingMethodAccessorImpl.invoke(DelegatingMethodAccessorImpl.java:43)
	at java.base/java.lang.reflect.Method.invoke(Method.java:564)
	at org.codehaus.groovy.reflection.CachedMethod.invoke(CachedMethod.java:107)
	at groovy.lang.MetaMethod.doMethodInvoke(MetaMethod.java:323)
	at groovy.lang.MetaClassImpl.invokeMethod(MetaClassImpl.java:1268)
	at groovy.lang.MetaClassImpl.invokeMethod(MetaClassImpl.java:1035)
	at groovy.lang.MetaClassImpl.invokeMethod(MetaClassImpl.java:819)
	at groovy.lang.GroovyObject.invokeMethod(GroovyObject.java:39)
	at org.codehaus.groovy.runtime.callsite.PogoInterceptableSite.call(PogoInterceptableSite.java:45)
	at org.codehaus.groovy.runtime.callsite.PogoInterceptableSite.callCurrent(PogoInterceptableSite.java:55)
	at org.codehaus.groovy.runtime.callsite.AbstractCallSite.callCurrent(AbstractCallSite.java:203)
	at io.restassured.internal.RequestSpecificationImpl.applyPathParamsAndSendRequest(RequestSpecificationImpl.groovy:1678)
	at jdk.internal.reflect.GeneratedMethodAccessor113.invoke(Unknown Source)
	at java.base/jdk.internal.reflect.DelegatingMethodAccessorImpl.invoke(DelegatingMethodAccessorImpl.java:43)
	at java.base/java.lang.reflect.Method.invoke(Method.java:564)
	at org.codehaus.groovy.reflection.CachedMethod.invoke(CachedMethod.java:107)
	at groovy.lang.MetaMethod.doMethodInvoke(MetaMethod.java:323)
	at groovy.lang.MetaClassImpl.invokeMethod(MetaClassImpl.java:1268)
	at groovy.lang.MetaClassImpl.invokeMethod(MetaClassImpl.java:1035)
	at groovy.lang.MetaClassImpl.invokeMethod(MetaClassImpl.java:819)
	at groovy.lang.GroovyObject.invokeMethod(GroovyObject.java:39)
	at org.codehaus.groovy.runtime.callsite.PogoInterceptableSite.call(PogoInterceptableSite.java:45)
	at org.codehaus.groovy.runtime.callsite.PogoInterceptableSite.callCurrent(PogoInterceptableSite.java:55)
	at org.codehaus.groovy.runtime.callsite.AbstractCallSite.callCurrent(AbstractCallSite.java:203)
	at io.restassured.internal.RequestSpecificationImpl.get(RequestSpecificationImpl.groovy:173)
	at net.serenitybdd.rest.decorators.request.RequestSpecificationDecorated.executeCall(RequestSpecificationDecorated.java:311)
	at net.serenitybdd.rest.decorators.request.RequestSpecificationDecorated.execute(RequestSpecificationDecorated.java:268)
	at net.serenitybdd.rest.decorators.request.RequestSpecificationDecorated.get(RequestSpecificationDecorated.java:67)
	at net.serenitybdd.rest.decorators.request.RequestSpecificationDecorated.get(RequestSpecificationDecorated.java:38)
	at SerenityRest@1.0-SNAPSHOT/Starter.Project.Users.CategoryUser.categoryproductbyid(CategoryUser.java:25)
	at SerenityRest@1.0-SNAPSHOT/Starter.Project.Users.CategoryUser$ByteBuddy$LV2rodtW.categoryproductbyid$accessor$5aJdvYTp(Unknown Source)
	at java.base/jdk.internal.reflect.NativeMethodAccessorImpl.invoke0(Native Method)
	at java.base/jdk.internal.reflect.NativeMethodAccessorImpl.invoke(NativeMethodAccessorImpl.java:64)
	at java.base/jdk.internal.reflect.DelegatingMethodAccessorImpl.invoke(DelegatingMethodAccessorImpl.java:43)
	at java.base/java.lang.reflect.Method.invoke(Method.java:564)
	at net.thucydides.core.steps.BaseMethodRunner.invokeMethod(BaseMethodRunner.java:18)
	at net.thucydides.core.steps.NormalMethodRunner.invokeMethodAndNotifyFailures(NormalMethodRunner.java:18)
	at net.thucydides.core.steps.StepInterceptor.runNormalMethod(StepInterceptor.java:407)
	at net.thucydides.core.steps.StepInterceptor.testStepResult(StepInterceptor.java:192)
	at net.thucydides.core.steps.StepInterceptor.intercept(StepInterceptor.java:85)
	at net.thucydides.core.steps.ProxyConfiguration$InterceptorDispatcher.intercept(ProxyConfiguration.java:51)
	at SerenityRest@1.0-SNAPSHOT/Starter.Project.Users.CategoryUser$ByteBuddy$LV2rodtW.categoryproductbyid(Unknown Source)
	at SerenityRest@1.0-SNAPSHOT/Starter.StepDefinitions.Users.CategoryUserSteps.iGetACategoryProductById(CategoryUserSteps.java:31)
	at âœ½.I get a category product by id(file:///C:/Users/Maulana_Sn/Documents/Zoom/My_Cuan-API/src/test/resources/features/Users/Category.feature:13)
Caused by: java.net.ConnectException: Connection refused: connect
	at java.base/sun.nio.ch.Net.connect0(Native Method)
	at java.base/sun.nio.ch.Net.connect(Net.java:574)
	at java.base/sun.nio.ch.Net.connect(Net.java:563)
	at java.base/sun.nio.ch.NioSocketImpl.connect(NioSocketImpl.java:588)
	at java.base/java.net.SocksSocketImpl.connect(SocksSocketImpl.java:333)
	at java.base/java.net.Socket.connect(Socket.java:648)
	at org.apache.http.conn.scheme.PlainSocketFactory.connectSocket(PlainSocketFactory.java:121)
	at org.apache.http.impl.conn.DefaultClientConnectionOperator.openConnection(DefaultClientConnectionOperator.java:180)
	at org.apache.http.impl.conn.ManagedClientConnectionImpl.open(ManagedClientConnectionImpl.java:326)
	at org.apache.http.impl.client.DefaultRequestDirector.tryConnect(DefaultRequestDirector.java:605)
	at org.apache.http.impl.client.DefaultRequestDirector.execute(DefaultRequestDirector.java:440)
	at org.apache.http.impl.client.AbstractHttpClient.doExecute(AbstractHttpClient.java:835)
	at org.apache.http.impl.client.CloseableHttpClient.execute(CloseableHttpClient.java:83)
	at org.apache.http.impl.client.CloseableHttpClient.execute(CloseableHttpClient.java:56)
	at org.apache.http.client.HttpClient$execute$1.call(Unknown Source)
	at io.restassured.internal.RequestSpecificationImpl$RestAssuredHttpBuilder.doRequest(RequestSpecificationImpl.groovy:2072)
	at io.restassured.internal.http.HTTPBuilder.doRequest(HTTPBuilder.java:495)
	at io.restassured.internal.http.HTTPBuilder.request(HTTPBuilder.java:452)
	at io.restassured.internal.http.HTTPBuilder$request$7.call(Unknown Source)
	at io.restassured.internal.RequestSpecificationImpl.sendHttpRequest(RequestSpecificationImpl.groovy:1453)
	at java.base/jdk.internal.reflect.NativeMethodAccessorImpl.invoke0(Native Method)
	at java.base/jdk.internal.reflect.NativeMethodAccessorImpl.invoke(NativeMethodAccessorImpl.java:64)
	at java.base/jdk.internal.reflect.DelegatingMethodAccessorImpl.invoke(DelegatingMethodAccessorImpl.java:43)
	at java.base/java.lang.reflect.Method.invoke(Method.java:564)
	at org.codehaus.groovy.reflection.CachedMethod.invoke(CachedMethod.java:107)
	at groovy.lang.MetaMethod.doMethodInvoke(MetaMethod.java:323)
	at groovy.lang.MetaClassImpl.invokeMethod(MetaClassImpl.java:1268)
	at groovy.lang.MetaClassImpl.invokeMethod(MetaClassImpl.java:1035)
	at groovy.lang.MetaClassImpl.invokeMethod(MetaClassImpl.java:819)
	at groovy.lang.GroovyObject.invokeMethod(GroovyObject.java:39)
	at org.codehaus.groovy.runtime.callsite.PogoInterceptableSite.call(PogoInterceptableSite.java:45)
	at org.codehaus.groovy.runtime.callsite.PogoInterceptableSite.callCurrent(PogoInterceptableSite.java:55)
	at io.restassured.internal.RequestSpecificationImpl.sendRequest(RequestSpecificationImpl.groovy:1202)
	at jdk.internal.reflect.GeneratedMethodAccessor121.invoke(Unknown Source)
	at java.base/jdk.internal.reflect.DelegatingMethodAccessorImpl.invoke(DelegatingMethodAccessorImpl.java:43)
	at java.base/java.lang.reflect.Method.invoke(Method.java:564)
	at org.codehaus.groovy.reflection.CachedMethod.invoke(CachedMethod.java:107)
	at groovy.lang.MetaMethod.doMethodInvoke(MetaMethod.java:323)
	at groovy.lang.MetaClassImpl.invokeMethod(MetaClassImpl.java:1268)
	at groovy.lang.MetaClassImpl.invokeMethod(MetaClassImpl.java:1035)
	at groovy.lang.MetaClassImpl.invokeMethod(MetaClassImpl.java:819)
	at groovy.lang.GroovyObject.invokeMethod(GroovyObject.java:39)
	at org.codehaus.groovy.runtime.callsite.PogoInterceptableSite.call(PogoInterceptableSite.java:45)
	at org.codehaus.groovy.runtime.callsite.AbstractCallSite.call(AbstractCallSite.java:166)
	at io.restassured.internal.filter.SendRequestFilter.filter(SendRequestFilter.groovy:30)
	at io.restassured.filter.Filter$filter$0.call(Unknown Source)
	at org.codehaus.groovy.runtime.callsite.CallSiteArray.defaultCall(CallSiteArray.java:47)
	at io.restassured.filter.Filter$filter.call(Unknown Source)
	at io.restassured.internal.filter.FilterContextImpl.next(FilterContextImpl.groovy:72)
	at io.restassured.filter.time.TimingFilter.filter(TimingFilter.java:56)
	at io.restassured.filter.Filter$filter.call(Unknown Source)
	at org.codehaus.groovy.runtime.callsite.CallSiteArray.defaultCall(CallSiteArray.java:47)
	at io.restassured.filter.Filter$filter.call(Unknown Source)
	at io.restassured.internal.filter.FilterContextImpl.next(FilterContextImpl.groovy:72)
	at io.restassured.filter.log.RequestLoggingFilter.filter(RequestLoggingFilter.java:140)
	at net.serenitybdd.rest.filters.FieldsRecordingFilter.filter(FieldsRecordingFilter.java:40)
	at io.restassured.filter.Filter$filter.call(Unknown Source)
	at io.restassured.internal.filter.FilterContextImpl.next(FilterContextImpl.groovy:72)
	at io.restassured.filter.log.RequestLoggingFilter.filter(RequestLoggingFilter.java:140)
	at net.serenitybdd.rest.filters.FieldsRecordingFilter.filter(FieldsRecordingFilter.java:40)
	at io.restassured.filter.Filter$filter.call(Unknown Source)
	at io.restassured.internal.filter.FilterContextImpl.next(FilterContextImpl.groovy:72)
	at io.restassured.filter.log.RequestLoggingFilter.filter(RequestLoggingFilter.java:140)
	at net.serenitybdd.rest.filters.FieldsRecordingFilter.filter(FieldsRecordingFilter.java:40)
	at io.restassured.filter.Filter$filter.call(Unknown Source)
	at io.restassured.internal.filter.FilterContextImpl.next(FilterContextImpl.groovy:72)
	at io.restassured.filter.log.RequestLoggingFilter.filter(RequestLoggingFilter.java:140)
	at net.serenitybdd.rest.filters.FieldsRecordingFilter.filter(FieldsRecordingFilter.java:40)
	at io.restassured.filter.Filter$filter.call(Unknown Source)
	at io.restassured.internal.filter.FilterContextImpl.next(FilterContextImpl.groovy:72)
	at io.restassured.filter.log.RequestLoggingFilter.filter(RequestLoggingFilter.java:140)
	at net.serenitybdd.rest.filters.FieldsRecordingFilter.filter(FieldsRecordingFilter.java:40)
	at io.restassured.filter.Filter$filter.call(Unknown Source)
	at io.restassured.internal.filter.FilterContextImpl.next(FilterContextImpl.groovy:72)
	at io.restassured.filter.log.RequestLoggingFilter.filter(RequestLoggingFilter.java:140)
	at net.serenitybdd.rest.filters.FieldsRecordingFilter.filter(FieldsRecordingFilter.java:40)
	at io.restassured.filter.Filter$filter.call(Unknown Source)
	at org.codehaus.groovy.runtime.callsite.CallSiteArray.defaultCall(CallSiteArray.java:47)
	at io.restassured.filter.Filter$filter$0.call(Unknown Source)
	at io.restassured.internal.filter.FilterContextImpl.next(FilterContextImpl.groovy:72)
	at io.restassured.filter.FilterContext$next.call(Unknown Source)
	at io.restassured.internal.RequestSpecificationImpl.applyPathParamsAndSendRequest(RequestSpecificationImpl.groovy:1672)
	at jdk.internal.reflect.GeneratedMethodAccessor114.invoke(Unknown Source)
	at java.base/jdk.internal.reflect.DelegatingMethodAccessorImpl.invoke(DelegatingMethodAccessorImpl.java:43)
	at java.base/java.lang.reflect.Method.invoke(Method.java:564)
	at org.codehaus.groovy.reflection.CachedMethod.invoke(CachedMethod.java:107)
	at groovy.lang.MetaMethod.doMethodInvoke(MetaMethod.java:323)
	at groovy.lang.MetaClassImpl.invokeMethod(MetaClassImpl.java:1268)
	at groovy.lang.MetaClassImpl.invokeMethod(MetaClassImpl.java:1035)
	at groovy.lang.MetaClassImpl.invokeMethod(MetaClassImpl.java:819)
	at groovy.lang.GroovyObject.invokeMethod(GroovyObject.java:39)
	at org.codehaus.groovy.runtime.callsite.PogoInterceptableSite.call(PogoInterceptableSite.java:45)
	at org.codehaus.groovy.runtime.callsite.PogoInterceptableSite.callCurrent(PogoInterceptableSite.java:55)
	at org.codehaus.groovy.runtime.callsite.AbstractCallSite.callCurrent(AbstractCallSite.java:203)
	at io.restassured.internal.RequestSpecificationImpl.applyPathParamsAndSendRequest(RequestSpecificationImpl.groovy:1678)
	at jdk.internal.reflect.GeneratedMethodAccessor113.invoke(Unknown Source)
	at java.base/jdk.internal.reflect.DelegatingMethodAccessorImpl.invoke(DelegatingMethodAccessorImpl.java:43)
	at java.base/java.lang.reflect.Method.invoke(Method.java:564)
	at org.codehaus.groovy.reflection.CachedMethod.invoke(CachedMethod.java:107)
	at groovy.lang.MetaMethod.doMethodInvoke(MetaMethod.java:323)
	at groovy.lang.MetaClassImpl.invokeMethod(MetaClassImpl.java:1268)
	at groovy.lang.MetaClassImpl.invokeMethod(MetaClassImpl.java:1035)
	at groovy.lang.MetaClassImpl.invokeMethod(MetaClassImpl.java:819)
	at groovy.lang.GroovyObject.invokeMethod(GroovyObject.java:39)
	at org.codehaus.groovy.runtime.callsite.PogoInterceptableSite.call(PogoInterceptableSite.java:45)
	at org.codehaus.groovy.runtime.callsite.PogoInterceptableSite.callCurrent(PogoInterceptableSite.java:55)
	at org.codehaus.groovy.runtime.callsite.AbstractCallSite.callCurrent(AbstractCallSite.java:203)
	at io.restassured.internal.RequestSpecificationImpl.get(RequestSpecificationImpl.groovy:173)
	at net.serenitybdd.rest.decorators.request.RequestSpecificationDecorated.executeCall(RequestSpecificationDecorated.java:311)
	at net.serenitybdd.rest.decorators.request.RequestSpecificationDecorated.execute(RequestSpecificationDecorated.java:268)
	at net.serenitybdd.rest.decorators.request.RequestSpecificationDecorated.get(RequestSpecificationDecorated.java:67)
	at net.serenitybdd.rest.decorators.request.RequestSpecificationDecorated.get(RequestSpecificationDecorated.java:38)
	at SerenityRest@1.0-SNAPSHOT/Starter.Project.Users.CategoryUser.categoryproductbyid(CategoryUser.java:25)
	at SerenityRest@1.0-SNAPSHOT/Starter.Project.Users.CategoryUser$ByteBuddy$LV2rodtW.categoryproductbyid$accessor$5aJdvYTp(Unknown Source)
	at java.base/jdk.internal.reflect.NativeMethodAccessorImpl.invoke0(Native Method)
	at java.base/jdk.internal.reflect.NativeMethodAccessorImpl.invoke(NativeMethodAccessorImpl.java:64)
	at java.base/jdk.internal.reflect.DelegatingMethodAccessorImpl.invoke(DelegatingMethodAccessorImpl.java:43)
	at java.base/java.lang.reflect.Method.invoke(Method.java:564)
	at net.thucydides.core.steps.BaseMethodRunner.invokeMethod(BaseMethodRunner.java:18)
	at net.thucydides.core.steps.NormalMethodRunner.invokeMethodAndNotifyFailures(NormalMethodRunner.java:18)
	at net.thucydides.core.steps.StepInterceptor.runNormalMethod(StepInterceptor.java:407)
	at net.thucydides.core.steps.StepInterceptor.testStepResult(StepInterceptor.java:192)
	at net.thucydides.core.steps.StepInterceptor.intercept(StepInterceptor.java:85)
	at net.thucydides.core.steps.ProxyConfiguration$InterceptorDispatcher.intercept(ProxyConfiguration.java:51)
	at SerenityRest@1.0-SNAPSHOT/Starter.Project.Users.CategoryUser$ByteBuddy$LV2rodtW.categoryproductbyid(Unknown Source)
	at SerenityRest@1.0-SNAPSHOT/Starter.StepDefinitions.Users.CategoryUserSteps.iGetACategoryProductById(CategoryUserSteps.java:31)
	at java.base/jdk.internal.reflect.NativeMethodAccessorImpl.invoke0(Native Method)
	at java.base/jdk.internal.reflect.NativeMethodAccessorImpl.invoke(NativeMethodAccessorImpl.java:64)
	at java.base/jdk.internal.reflect.DelegatingMethodAccessorImpl.invoke(DelegatingMethodAccessorImpl.java:43)
	at java.base/java.lang.reflect.Method.invoke(Method.java:564)
	at io.cucumber.java.Invoker.doInvoke(Invoker.java:66)
	at io.cucumber.java.Invoker.invoke(Invoker.java:24)
	at io.cucumber.java.AbstractGlueDefinition.invokeMethod(AbstractGlueDefinition.java:47)
	at io.cucumber.java.JavaStepDefinition.execute(JavaStepDefinition.java:29)
	at io.cucumber.core.runner.CoreStepDefinition.execute(CoreStepDefinition.java:66)
	at io.cucumber.core.runner.PickleStepDefinitionMatch.runStep(PickleStepDefinitionMatch.java:63)
	at io.cucumber.core.runner.ExecutionMode$1.execute(ExecutionMode.java:10)
	at io.cucumber.core.runner.TestStep.executeStep(TestStep.java:92)
	at io.cucumber.core.runner.TestStep.run(TestStep.java:64)
	at io.cucumber.core.runner.PickleStepTestStep.run(PickleStepTestStep.java:51)
	at io.cucumber.core.runner.TestCase.run(TestCase.java:104)
	at io.cucumber.core.runner.Runner.runPickle(Runner.java:73)
	at io.cucumber.junit.PickleRunners$NoStepDescriptions.run(PickleRunners.java:151)
	at io.cucumber.junit.FeatureRunner.runChild(FeatureRunner.java:135)
	at io.cucumber.junit.FeatureRunner.runChild(FeatureRunner.java:27)
	at org.junit.runners.ParentRunner$4.run(ParentRunner.java:331)
	at org.junit.runners.ParentRunner$1.schedule(ParentRunner.java:79)
	at org.junit.runners.ParentRunner.runChildren(ParentRunner.java:329)
	at org.junit.runners.ParentRunner.access$100(ParentRunner.java:66)
	at org.junit.runners.ParentRunner$2.evaluate(ParentRunner.java:293)
	at org.junit.runners.ParentRunner$3.evaluate(ParentRunner.java:306)
	at org.junit.runners.ParentRunner.run(ParentRunner.java:413)
	at io.cucumber.junit.CucumberSerenityRunner.runChild(CucumberSerenityRunner.java:258)
	at io.cucumber.junit.CucumberSerenityRunner.runChild(CucumberSerenityRunner.java:57)
	at org.junit.runners.ParentRunner$4.run(ParentRunner.java:331)
	at org.apache.maven.surefire.junitcore.pc.Scheduler$1.run(Scheduler.java:405)
	at java.base/java.util.concurrent.Executors$RunnableAdapter.call(Executors.java:515)
	at java.base/java.util.concurrent.FutureTask.run(FutureTask.java:264)
	at java.base/java.util.concurrent.ThreadPoolExecutor.runWorker(ThreadPoolExecutor.java:1130)
	at java.base/java.util.concurrent.ThreadPoolExecutor$Worker.run(ThreadPoolExecutor.java:630)
	at java.base/java.lang.Thread.run(Thread.java:832)
&amp#27;[0m
  &amp#27;[36mThen &amp#27;[0m&amp#27;[36mI will get status succes get a category product by id&amp#27;[0m &amp#27;[90m# Starter.StepDefinitions.Users.CategoryUserSteps.iWillGetStatusSuccesGetACategoryProductById()&amp#27;[0m
]]></system-out>
  </testcase>
  <testcase name="user a get Category product no token" classname="Category User" time="0.206">
    <system-out><![CDATA[
Scenario: user a get Category product no token         &amp#27;[90m# src/test/resources/features/Users/Category.feature:16&amp#27;[0m
  &amp#27;[32mGiven &amp#27;[0m&amp#27;[32mI set url category product&amp#27;[0m                     &amp#27;[90m# Starter.StepDefinitions.Users.CategoryUserSteps.iSetUrlCategoryProduct()&amp#27;[0m
  &amp#27;[32mWhen &amp#27;[0m&amp#27;[32mI get a category product no token&amp#27;[0m               &amp#27;[90m# Starter.StepDefinitions.Users.CategoryUserSteps.iGetACategoryProductNoToken()&amp#27;[0m
  &amp#27;[32mThen &amp#27;[0m&amp#27;[32mI will get status failed get a category product&amp#27;[0m &amp#27;[90m# Starter.StepDefinitions.Users.CategoryUserSteps.iWillGetStatusFailedGetACategoryProduct()&amp#27;[0m
]]></system-out>
  </testcase>
</testsuite>