<?xml version="1.0" encoding="UTF-8"?><testsuite errors="0" failures="0" name="Login" skipped="0" tests="7" time="20.54" timestamp="2022-12-19 04:05:44"><testcase name="login with email password valid"/><testcase name="login with email valid and no password"/><testcase name="login with password valid and no email"/><testcase name="login with null data"/><testcase name="login with email and password invalid"/><testcase name="login with email valid and password invalid"/><testcase name="login with email invalid and password valid"/></testsuite>