<?xml version="1.0" encoding="UTF-8"?><testsuite errors="1" failures="0" name="Category User" skipped="0" tests="3" time="11.19" timestamp="2022-12-22 11:31:43"><testcase name="user a get Category product"/><testcase name="user a get Category product by id"><error message="Connection refused: connect" type="java.net.ConnectException">Connection refused: connect</error><system-err>Connection refused: connect&#13;
org.apache.http.conn.scheme.PlainSocketFactory.connectSocket(PlainSocketFactory.java:121)&#13;
org.apache.http.impl.conn.DefaultClientConnectionOperator.openConnection(DefaultClientConnectionOperator.java:180)&#13;
org.apache.http.impl.conn.ManagedClientConnectionImpl.open(ManagedClientConnectionImpl.java:326)&#13;
org.apache.http.impl.client.DefaultRequestDirector.tryConnect(DefaultRequestDirector.java:605)&#13;
org.apache.http.impl.client.DefaultRequestDirector.execute(DefaultRequestDirector.java:440)&#13;
org.apache.http.impl.client.AbstractHttpClient.doExecute(AbstractHttpClient.java:835)&#13;
org.apache.http.impl.client.CloseableHttpClient.execute(CloseableHttpClient.java:83)&#13;
org.apache.http.impl.client.CloseableHttpClient.execute(CloseableHttpClient.java:56)&#13;
io.restassured.internal.http.HTTPBuilder.doRequest(HTTPBuilder.java:495)&#13;
io.restassured.internal.http.HTTPBuilder.request(HTTPBuilder.java:452)&#13;
io.restassured.internal.RequestSpecificationImpl.sendHttpRequest(RequestSpecificationImpl.groovy:1453)&#13;
groovy.lang.MetaMethod.doMethodInvoke(MetaMethod.java:323)&#13;
groovy.lang.MetaClassImpl.invokeMethod(MetaClassImpl.java:1268)&#13;
groovy.lang.MetaClassImpl.invokeMethod(MetaClassImpl.java:1035)&#13;
groovy.lang.MetaClassImpl.invokeMethod(MetaClassImpl.java:819)&#13;
groovy.lang.GroovyObject.invokeMethod(GroovyObject.java:39)&#13;
io.restassured.internal.RequestSpecificationImpl.sendRequest(RequestSpecificationImpl.groovy:1202)&#13;
groovy.lang.MetaMethod.doMethodInvoke(MetaMethod.java:323)&#13;
groovy.lang.MetaClassImpl.invokeMethod(MetaClassImpl.java:1268)&#13;
groovy.lang.MetaClassImpl.invokeMethod(MetaClassImpl.java:1035)&#13;
groovy.lang.MetaClassImpl.invokeMethod(MetaClassImpl.java:819)&#13;
groovy.lang.GroovyObject.invokeMethod(GroovyObject.java:39)&#13;
io.restassured.internal.filter.SendRequestFilter.filter(SendRequestFilter.groovy:30)&#13;
io.restassured.internal.filter.FilterContextImpl.next(FilterContextImpl.groovy:72)&#13;
io.restassured.filter.time.TimingFilter.filter(TimingFilter.java:56)&#13;
io.restassured.internal.filter.FilterContextImpl.next(FilterContextImpl.groovy:72)&#13;
io.restassured.filter.log.RequestLoggingFilter.filter(RequestLoggingFilter.java:140)&#13;
net.serenitybdd.rest.filters.FieldsRecordingFilter.filter(FieldsRecordingFilter.java:40)&#13;
io.restassured.internal.filter.FilterContextImpl.next(FilterContextImpl.groovy:72)&#13;
io.restassured.filter.log.RequestLoggingFilter.filter(RequestLoggingFilter.java:140)&#13;
net.serenitybdd.rest.filters.FieldsRecordingFilter.filter(FieldsRecordingFilter.java:40)&#13;
io.restassured.internal.filter.FilterContextImpl.next(FilterContextImpl.groovy:72)&#13;
io.restassured.filter.log.RequestLoggingFilter.filter(RequestLoggingFilter.java:140)&#13;
net.serenitybdd.rest.filters.FieldsRecordingFilter.filter(FieldsRecordingFilter.java:40)&#13;
io.restassured.internal.filter.FilterContextImpl.next(FilterContextImpl.groovy:72)&#13;
io.restassured.filter.log.RequestLoggingFilter.filter(RequestLoggingFilter.java:140)&#13;
net.serenitybdd.rest.filters.FieldsRecordingFilter.filter(FieldsRecordingFilter.java:40)&#13;
io.restassured.internal.filter.FilterContextImpl.next(FilterContextImpl.groovy:72)&#13;
io.restassured.filter.log.RequestLoggingFilter.filter(RequestLoggingFilter.java:140)&#13;
net.serenitybdd.rest.filters.FieldsRecordingFilter.filter(FieldsRecordingFilter.java:40)&#13;
io.restassured.internal.filter.FilterContextImpl.next(FilterContextImpl.groovy:72)&#13;
io.restassured.filter.log.RequestLoggingFilter.filter(RequestLoggingFilter.java:140)&#13;
net.serenitybdd.rest.filters.FieldsRecordingFilter.filter(FieldsRecordingFilter.java:40)&#13;
io.restassured.internal.filter.FilterContextImpl.next(FilterContextImpl.groovy:72)&#13;
io.restassured.internal.RequestSpecificationImpl.applyPathParamsAndSendRequest(RequestSpecificationImpl.groovy:1672)&#13;
groovy.lang.MetaMethod.doMethodInvoke(MetaMethod.java:323)&#13;
groovy.lang.MetaClassImpl.invokeMethod(MetaClassImpl.java:1268)&#13;
groovy.lang.MetaClassImpl.invokeMethod(MetaClassImpl.java:1035)&#13;
groovy.lang.MetaClassImpl.invokeMethod(MetaClassImpl.java:819)&#13;
groovy.lang.GroovyObject.invokeMethod(GroovyObject.java:39)&#13;
io.restassured.internal.RequestSpecificationImpl.applyPathParamsAndSendRequest(RequestSpecificationImpl.groovy:1678)&#13;
groovy.lang.MetaMethod.doMethodInvoke(MetaMethod.java:323)&#13;
groovy.lang.MetaClassImpl.invokeMethod(MetaClassImpl.java:1268)&#13;
groovy.lang.MetaClassImpl.invokeMethod(MetaClassImpl.java:1035)&#13;
groovy.lang.MetaClassImpl.invokeMethod(MetaClassImpl.java:819)&#13;
groovy.lang.GroovyObject.invokeMethod(GroovyObject.java:39)&#13;
io.restassured.internal.RequestSpecificationImpl.get(RequestSpecificationImpl.groovy:173)&#13;
net.serenitybdd.rest.decorators.request.RequestSpecificationDecorated.executeCall(RequestSpecificationDecorated.java:311)&#13;
net.serenitybdd.rest.decorators.request.RequestSpecificationDecorated.execute(RequestSpecificationDecorated.java:268)&#13;
net.serenitybdd.rest.decorators.request.RequestSpecificationDecorated.get(RequestSpecificationDecorated.java:67)&#13;
net.serenitybdd.rest.decorators.request.RequestSpecificationDecorated.get(RequestSpecificationDecorated.java:38)&#13;
SerenityRest@1.0-SNAPSHOT/Starter.Project.Users.CategoryUser.categoryproductbyid(CategoryUser.java:25)&#13;
SerenityRest@1.0-SNAPSHOT/Starter.StepDefinitions.Users.CategoryUserSteps.iGetACategoryProductById(CategoryUserSteps.java:31)&#13;
io.cucumber.java.Invoker.doInvoke(Invoker.java:66)&#13;
io.cucumber.java.Invoker.invoke(Invoker.java:24)&#13;
io.cucumber.java.AbstractGlueDefinition.invokeMethod(AbstractGlueDefinition.java:47)&#13;
io.cucumber.java.JavaStepDefinition.execute(JavaStepDefinition.java:29)&#13;
io.cucumber.core.runner.CoreStepDefinition.execute(CoreStepDefinition.java:66)&#13;
io.cucumber.core.runner.PickleStepDefinitionMatch.runStep(PickleStepDefinitionMatch.java:63)&#13;
io.cucumber.core.runner.TestStep.executeStep(TestStep.java:92)&#13;
io.cucumber.core.runner.TestStep.run(TestStep.java:64)&#13;
io.cucumber.core.runner.PickleStepTestStep.run(PickleStepTestStep.java:51)&#13;
io.cucumber.core.runner.TestCase.run(TestCase.java:104)&#13;
io.cucumber.core.runner.Runner.runPickle(Runner.java:73)&#13;
io.cucumber.junit.FeatureRunner.runChild(FeatureRunner.java:135)&#13;
io.cucumber.junit.FeatureRunner.runChild(FeatureRunner.java:27)&#13;
io.cucumber.junit.CucumberSerenityRunner.runChild(CucumberSerenityRunner.java:258)&#13;
io.cucumber.junit.CucumberSerenityRunner.runChild(CucumberSerenityRunner.java:57)&#13;
</system-err></testcase><testcase name="user a get Category product no token"/></testsuite>