<?xml version="1.0" encoding="UTF-8"?><testsuite errors="0" failures="0" name="Wallet User" skipped="0" tests="8" time="9.66" timestamp="2022-12-22 11:31:43"><testcase name="user top up balance"/><testcase name="user get my wallet"/><testcase name="user get my wallet history"/><testcase name="user get my wallet cashin cashout"/><testcase name="user top up balance no token"/><testcase name="user get my wallet no token"/><testcase name="user get my wallet history no token"/><testcase name="user get my wallet cashin cashout no token"/></testsuite>